**********************
Windows PowerShell transcript start
Start time: 20260701132501
Username: ADMINISTRATOR\ddave
RunAs User: ADMINISTRATOR\ddave
Configuration Name: 
Machine: ADMINISTRATOR (Microsoft Windows NT 10.0.26200.0)
Host Application: C:\WINDOWS\System32\WindowsPowerShell\v1.0\powershell.exe -noexit -command try { . "c:\Users\ddave\AppData\Local\Programs\Microsoft VS Code\7e7950df89\resources\app\out\vs\workbench\contrib\terminal\common\scripts\shellIntegration.ps1" } catch {}
Process ID: 139484
PSVersion: 5.1.26100.8655
PSEdition: Desktop
PSCompatibleVersions: 1.0, 2.0, 3.0, 4.0, 5.0, 5.1.26100.8655
BuildVersion: 10.0.26100.8655
CLRVersion: 4.0.30319.42000
WSManStackVersion: 3.0
PSRemotingProtocolVersion: 2.3
SerializationVersion: 1.1.0.1
**********************
Transcript started, output file is D:\1au\frontend\diagnostics.log
]633;D;0]633;A]633;P;Cwd=D:\x5c1au\x5cfrontendPS D:\1au\frontend> ]633;B
PS>npx tsc --noEmit --pretty false; npm run build; try { (Invoke-WebRequest -Uri 'https://api.aroundyou.co.za/health' -Method Head -TimeoutSec 10).StatusCode } catch { Write-Output "Prod health check failed: $($_.Exception.Message)" }; vercel env pull .env --environment production; $envText = Get-Content .\.env -Raw; Write-Output "Pulled .env (first 3 lines):"; $envText.Split("`n")[0..2] -join "`n"; if ($envText -match 'SUPABASE_URL=(.+)') { $supurl=$matches[1].Trim('"') } else { Write-Output 'ERROR: SUPABASE_URL not found in .env'; exit 1 }; if ($envText -match 'SUPABASE_SERVICE_ROLE_KEY=(.+)') { $key=$matches[1].Trim('"') } else { Write-Output 'ERROR: SUPABASE_SERVICE_ROLE_KEY not found in .env'; exit 1 }; try { (Invoke-WebRequest -Uri "$supurl/rest/v1/?select=1" -Method Head -Headers @{apikey=$key; Authorization="Bearer $key"} -TimeoutSec 10).StatusCode } catch { Write-Output "Supabase request failed: $($_.Exception.Message)" }



PS>TerminatingError(Invoke-WebRequest): "The remote name could not be resolved: 'api.aroundyou.co.za'"
Prod health check failed: The remote name could not be resolved: 'api.aroundyou.co.za'

Pulled .env (first 3 lines):
# Created by Vercel CLI
NX_DAEMON="false"
SUPABASE_SERVICE_ROLE_KEY=""
ERROR: SUPABASE_URL not found in .env
**********************
Windows PowerShell transcript end
End time: 20260701132526
**********************
